<?xml version="1.0" encoding="UTF-8"?>
<testsuite xmlns:xsi="http://www.w3.org/2001/XMLSchema-instance" xsi:noNamespaceSchemaLocation="https://maven.apache.org/surefire/maven-surefire-plugin/xsd/surefire-test-report.xsd" version="3.0.2" name="com.leandrosps.infra.controllers.AuthControllerTest" time="1.537" tests="1" errors="0" skipped="0" failures="0">
  <properties>
[...]
</properties>
  <testcase name="shouldAuthenticatAnNewUser" classname="com.leandrosps.infra.controllers.AuthControllerTest" time="0.917">
    <system-out><![CDATA[Connection with success!
Connection with success!
Connection with success!
Connection with success!
]]></system-out>
    <system-err><![CDATA[[main] INFO com.zaxxer.hikari.HikariDataSource - HikariPool-1 - Starting...
[main] INFO com.zaxxer.hikari.pool.HikariPool - HikariPool-1 - Added connection com.mysql.cj.jdbc.ConnectionImpl@f73dcd6
[main] INFO com.zaxxer.hikari.HikariDataSource - HikariPool-1 - Start completed.
[main] INFO com.zaxxer.hikari.HikariDataSource - HikariPool-2 - Starting...
[main] INFO com.zaxxer.hikari.pool.HikariPool - HikariPool-2 - Added connection com.mysql.cj.jdbc.ConnectionImpl@273c947f
[main] INFO com.zaxxer.hikari.HikariDataSource - HikariPool-2 - Start completed.
[main] INFO com.zaxxer.hikari.HikariDataSource - HikariPool-3 - Starting...
[main] INFO com.zaxxer.hikari.pool.HikariPool - HikariPool-3 - Added connection com.mysql.cj.jdbc.ConnectionImpl@4d666b41
[main] INFO com.zaxxer.hikari.HikariDataSource - HikariPool-3 - Start completed.
[main] INFO com.zaxxer.hikari.HikariDataSource - HikariPool-4 - Starting...
[main] INFO com.zaxxer.hikari.pool.HikariPool - HikariPool-4 - Added connection com.mysql.cj.jdbc.ConnectionImpl@669d2b1b
[main] INFO com.zaxxer.hikari.HikariDataSource - HikariPool-4 - Start completed.
[main] INFO com.zaxxer.hikari.HikariDataSource - HikariPool-5 - Starting...
[main] INFO com.zaxxer.hikari.pool.HikariPool - HikariPool-5 - Added connection com.mysql.cj.jdbc.ConnectionImpl@4f8caaf3
[main] INFO com.zaxxer.hikari.HikariDataSource - HikariPool-5 - Start completed.
[main] INFO com.zaxxer.hikari.HikariDataSource - HikariPool-6 - Starting...
[main] INFO com.zaxxer.hikari.pool.HikariPool - HikariPool-6 - Added connection com.mysql.cj.jdbc.ConnectionImpl@64a1923a
[main] INFO com.zaxxer.hikari.HikariDataSource - HikariPool-6 - Start completed.
[main] INFO com.zaxxer.hikari.HikariDataSource - HikariPool-7 - Starting...
[main] INFO com.zaxxer.hikari.pool.HikariPool - HikariPool-7 - Added connection com.mysql.cj.jdbc.ConnectionImpl@a53bb6f
[main] INFO com.zaxxer.hikari.HikariDataSource - HikariPool-7 - Start completed.
[main] INFO com.zaxxer.hikari.HikariDataSource - HikariPool-8 - Starting...
[main] INFO com.zaxxer.hikari.pool.HikariPool - HikariPool-8 - Added connection com.mysql.cj.jdbc.ConnectionImpl@55b5e331
[main] INFO com.zaxxer.hikari.HikariDataSource - HikariPool-8 - Start completed.
[main] INFO org.jooq.Constants - 
                                      
@@@@@@@@@@@@@@@@@@@@@@@@@@@@@@@@@@@@@@
@@@@@@@@@@@@@@@@@@@@@@@@@@@@@@@@@@@@@@
@@@@@@@@@@@@@@@@  @@        @@@@@@@@@@
@@@@@@@@@@@@@@@@@@@@        @@@@@@@@@@
@@@@@@@@@@@@@@@@  @@  @@    @@@@@@@@@@
@@@@@@@@@@  @@@@  @@  @@    @@@@@@@@@@
@@@@@@@@@@        @@        @@@@@@@@@@
@@@@@@@@@@@@@@@@@@@@@@@@@@@@@@@@@@@@@@
@@@@@@@@@@@@@@@@@@@@@@@@@@@@@@@@@@@@@@
@@@@@@@@@@        @@        @@@@@@@@@@
@@@@@@@@@@    @@  @@  @@@@  @@@@@@@@@@
@@@@@@@@@@    @@  @@  @@@@  @@@@@@@@@@
@@@@@@@@@@        @@  @  @  @@@@@@@@@@
@@@@@@@@@@        @@        @@@@@@@@@@
@@@@@@@@@@@@@@@@@@@@@@@  @@@@@@@@@@@@@
@@@@@@@@@@@@@@@@@@@@@@@@@@@@@@@@@@@@@@
@@@@@@@@@@@@@@@@@@@@@@@@@@@@@@@@@@@@@@  Thank you for using jOOQ 3.20.1 (Build date: 2025-02-21T13:05:38Z)
                                      
[main] INFO org.jooq.Constants - 

jOOQ tip of the day: Whenever jOOQ doesn't support a native SQL feature, use plain SQL templating: https://www.jooq.org/doc/latest/manual/sql-building/plain-sql-templating/

[main] INFO org.jooq.impl.DefaultExecuteContext.logVersionSupport - Version                  : Database version is supported by dialect MYSQL: 8.1.0
]]></system-err>
  </testcase>
</testsuite>