<?xml version="1.0" encoding="UTF-8"?>
<testsuite xmlns:xsi="http://www.w3.org/2001/XMLSchema-instance" xsi:noNamespaceSchemaLocation="https://maven.apache.org/surefire/maven-surefire-plugin/xsd/surefire-test-report.xsd" version="3.0.2" name="com.leandrosps.infra.controllers.AuthControllerTest" time="1.583" tests="1" errors="0" skipped="0" failures="0">
  <properties>
[...]
</properties>
  <testcase name="shouldAuthenticatAnNewUser" classname="com.leandrosps.infra.controllers.AuthControllerTest" time="0.92">
    <system-out><![CDATA[Connection with success!
LoginRsponse[status=SUCCESS, data=DataLoginResponse[token=eyJhbGciOiJSUzI1NiJ9.eyJpc3MiOiJUcmFkZS1GYXN0Iiwic3ViIjoiNjIwYTA0NTMtNzhiYi00MDM5LWJjMmUtNzMwNmJmMTI0ZTdkIiwidXNlcl9lbWFpbCI6IndpbGwxMjNAZW1haWwuY29tIiwicm9sZXMiOlsiVVNFUiJdLCJ1c2VyX2lkIjoiNjIwYTA0NTMtNzhiYi00MDM5LWJjMmUtNzMwNmJmMTI0ZTdkIiwiZXhwIjoxNzQyNzQxMTkyfQ.ppmmSXShBPpDi3QM3M4CVbgoviSEJUUcuPkkBJzkH-phYvprb5p995ku1dLuKLr-HDBbWMhlwuxwwX-zwbmxt33J3Ri571An2rNl0-L0AhO5Mnguzrh5XNrGQGZBGXw5_S9dDP2Z9zuGLPnj7sBHxBkYWXAMVR9yqfWsxbCpcOHz_Y4mD_w86UEAX03zYNQfbmt_ix9ev2N7BMIeMSQ4Ax3qIvnHYznpPS1cbJ1PeQvF1beipbee5vjbTVQi3-kdOrks8i7Sr783Elj6ZrayRmWDIr_UPrvnF4FDxe8AZLmAkUEeaoAdHG3Ptgm5GqmfoCEdnF5Ht5LTPM_ERnkJTA, expiredAt=Mar 23, 2025, 11:46:32 AM]]
]]></system-out>
    <system-err><![CDATA[[main] INFO com.zaxxer.hikari.HikariDataSource - HikariPool-1 - Starting...
[main] INFO com.zaxxer.hikari.pool.HikariPool - HikariPool-1 - Added connection com.mysql.cj.jdbc.ConnectionImpl@1c6804cd
[main] INFO com.zaxxer.hikari.HikariDataSource - HikariPool-1 - Start completed.
[main] INFO org.jooq.Constants - 
                                      
@@@@@@@@@@@@@@@@@@@@@@@@@@@@@@@@@@@@@@
@@@@@@@@@@@@@@@@@@@@@@@@@@@@@@@@@@@@@@
@@@@@@@@@@@@@@@@  @@        @@@@@@@@@@
@@@@@@@@@@@@@@@@@@@@        @@@@@@@@@@
@@@@@@@@@@@@@@@@  @@  @@    @@@@@@@@@@
@@@@@@@@@@  @@@@  @@  @@    @@@@@@@@@@
@@@@@@@@@@        @@        @@@@@@@@@@
@@@@@@@@@@@@@@@@@@@@@@@@@@@@@@@@@@@@@@
@@@@@@@@@@@@@@@@@@@@@@@@@@@@@@@@@@@@@@
@@@@@@@@@@        @@        @@@@@@@@@@
@@@@@@@@@@    @@  @@  @@@@  @@@@@@@@@@
@@@@@@@@@@    @@  @@  @@@@  @@@@@@@@@@
@@@@@@@@@@        @@  @  @  @@@@@@@@@@
@@@@@@@@@@        @@        @@@@@@@@@@
@@@@@@@@@@@@@@@@@@@@@@@  @@@@@@@@@@@@@
@@@@@@@@@@@@@@@@@@@@@@@@@@@@@@@@@@@@@@
@@@@@@@@@@@@@@@@@@@@@@@@@@@@@@@@@@@@@@  Thank you for using jOOQ 3.20.1 (Build date: 2025-02-21T13:05:38Z)
                                      
[main] INFO org.jooq.Constants - 

jOOQ tip of the day: 
 
[main] INFO org.jooq.impl.DefaultExecuteContext.logVersionSupport - Version                  : Database version is supported by dialect MYSQL: 8.1.0
]]></system-err>
  </testcase>
</testsuite>