<?xml version="1.0" encoding="UTF-8"?>
<testsuite xmlns:xsi="http://www.w3.org/2001/XMLSchema-instance" xsi:noNamespaceSchemaLocation="https://maven.apache.org/surefire/maven-surefire-plugin/xsd/surefire-test-report.xsd" version="3.0.2" name="com.leandrosps.application.trade.CreateOrderTradeTest" time="0.082" tests="8" errors="0" skipped="0" failures="0">
  <properties>
[...]
</properties>
  <testcase name="shouldNotBuyIfTheOrderSellPriceIsGreaterThanBuyPriceAndCalculateTheProfit" classname="com.leandrosps.application.trade.CreateOrderTradeTest" time="0.061"/>
  <testcase name="shouldCraeteAssetsOrdersOfSellQuantityOf1000AndBuyQuantityOf500" classname="com.leandrosps.application.trade.CreateOrderTradeTest" time="0.0"/>
  <testcase name="shouldCreataMultipleSellingOrderAssets" classname="com.leandrosps.application.trade.CreateOrderTradeTest" time="0.001"/>
  <testcase name="shouldBuyIfTheOrderSellIsLessThenTheOrderBuy" classname="com.leandrosps.application.trade.CreateOrderTradeTest" time="0.001"/>
  <testcase name="shouldCraeteAssetsOrdersOfBuyAndSellWithTheSamePrices" classname="com.leandrosps.application.trade.CreateOrderTradeTest" time="0.001"/>
  <testcase name="shouldCreataMultipleSellingOrderForOneBuyOrder" classname="com.leandrosps.application.trade.CreateOrderTradeTest" time="0.001"/>
  <testcase name="shouleCreateASellingOrderAccect" classname="com.leandrosps.application.trade.CreateOrderTradeTest" time="0.001"/>
  <testcase name="shouleCreateABuyingAssectOrder" classname="com.leandrosps.application.trade.CreateOrderTradeTest" time="0.001"/>
</testsuite>